<?xml version="1.0" encoding="UTF-8"?>
<!-- Generated by org.testng.reporters.JUnitXMLReporter -->
<testsuite ignored="12" hostname="DESKTOP-FADL0SF" failures="0" tests="1" name="Default test" time="11.802" errors="0" timestamp="2023-01-31T08:42:51 IST">
  <testcase classname="com.bridgelabz.qa.Automation.Validating_Page_Test" name="page_Url_Validation" time="3.507"/>
  <testcase classname="com.bridgelabz.qa.Automation.Validating_Page_Test" name="login_getAttribute" time="0.0">
    <ignored/>
  </testcase> <!-- login_getAttribute -->
  <testcase classname="com.bridgelabz.qa.Automation.Validating_Page_Test" name="find_Error" time="0.0">
    <ignored/>
  </testcase> <!-- find_Error -->
  <testcase classname="com.bridgelabz.qa.Automation.Validating_Page_Test" name="eamil_getSize" time="0.0">
    <ignored/>
  </testcase> <!-- eamil_getSize -->
  <testcase classname="com.bridgelabz.qa.Automation.Validating_Page_Test" name="eamil_getCssValue" time="0.0">
    <ignored/>
  </testcase> <!-- eamil_getCssValue -->
  <testcase classname="com.bridgelabz.qa.Automation.Validating_Page_Test" name="eamil_getTagname" time="0.0">
    <ignored/>
  </testcase> <!-- eamil_getTagname -->
  <testcase classname="com.bridgelabz.qa.Automation.Validating_Page_Test" name="eamil_getSiz" time="0.0">
    <ignored/>
  </testcase> <!-- eamil_getSiz -->
  <testcase classname="com.bridgelabz.qa.Automation.Validating_Page_Test" name="page_Validation_Using_Web_Element" time="0.0">
    <ignored/>
  </testcase> <!-- page_Validation_Using_Web_Element -->
  <testcase classname="com.bridgelabz.qa.Automation.Validating_Page_Test" name="create_new_account_is_display" time="0.0">
    <ignored/>
  </testcase> <!-- create_new_account_is_display -->
  <testcase classname="com.bridgelabz.qa.Automation.Validating_Page_Test" name="login_getText" time="0.0">
    <ignored/>
  </testcase> <!-- login_getText -->
  <testcase classname="com.bridgelabz.qa.Automation.Validating_Page_Test" name="email_sendKeys" time="0.0">
    <ignored/>
  </testcase> <!-- email_sendKeys -->
  <testcase classname="com.bridgelabz.qa.Automation.Validating_Page_Test" name="eamil_getlocation" time="0.0">
    <ignored/>
  </testcase> <!-- eamil_getlocation -->
  <testcase classname="com.bridgelabz.qa.Automation.Validating_Page_Test" name="page_Title_Validation" time="0.0">
    <ignored/>
  </testcase> <!-- page_Title_Validation -->
</testsuite> <!-- Default test -->
