<?xml version="1.0" encoding="UTF-8"?>
<testng-results ignored="12" total="13" passed="1" failed="0" skipped="0">
  <reporter-output>
  </reporter-output>
  <suite started-at="2023-01-31T08:42:39 IST" name="Default suite" finished-at="2023-01-31T08:42:51 IST" duration-ms="11802">
    <groups>
    </groups>
    <test started-at="2023-01-31T08:42:39 IST" name="Default test" finished-at="2023-01-31T08:42:51 IST" duration-ms="11802">
      <class name="com.bridgelabz.qa.Automation.Validating_Page_Test">
        <test-method is-config="true" signature="setUP()[pri:0, instance:com.bridgelabz.qa.Automation.Validating_Page_Test@5f058f00]" started-at="2023-01-31T08:42:39 IST" name="setUP" finished-at="2023-01-31T08:42:48 IST" duration-ms="8250" status="PASS">
          <reporter-output>
          </reporter-output>
        </test-method> <!-- setUP -->
        <test-method signature="page_Url_Validation()[pri:0, instance:com.bridgelabz.qa.Automation.Validating_Page_Test@5f058f00]" started-at="2023-01-31T08:42:48 IST" name="page_Url_Validation" finished-at="2023-01-31T08:42:51 IST" duration-ms="3507" status="PASS">
          <reporter-output>
          </reporter-output>
        </test-method> <!-- page_Url_Validation -->
      </class> <!-- com.bridgelabz.qa.Automation.Validating_Page_Test -->
    </test> <!-- Default test -->
  </suite> <!-- Default suite -->
</testng-results>
